Copyright 1986-2018 Xilinx, Inc. All Rights Reserved.
--------------------------------------------------------------------------------------------------------------------------------------------------------------
| Tool Version : Vivado v.2018.2 (win64) Build 2258646 Thu Jun 14 20:03:12 MDT 2018
| Date         : Mon Jan 21 11:34:50 2019
| Host         : usuario-PC running 64-bit Service Pack 1  (build 7601)
| Command      : report_methodology -file Ascensor_methodology_drc_routed.rpt -pb Ascensor_methodology_drc_routed.pb -rpx Ascensor_methodology_drc_routed.rpx
| Design       : Ascensor
| Device       : xc7a100tcsg324-1
| Speed File   : -1
| Design State : Routed
--------------------------------------------------------------------------------------------------------------------------------------------------------------

Report Methodology

Table of Contents
-----------------
1. REPORT SUMMARY
2. REPORT DETAILS

1. REPORT SUMMARY
-----------------
            Netlist: netlist
          Floorplan: design_1
      Design limits: <entire design considered>
             Max violations: <unlimited>
             Violations found: 39
+-----------+----------+-----------------------------+------------+
| Rule      | Severity | Description                 | Violations |
+-----------+----------+-----------------------------+------------+
| TIMING-17 | Warning  | Non-clocked sequential cell | 37         |
| TIMING-20 | Warning  | Non-clocked latch           | 2          |
+-----------+----------+-----------------------------+------------+

2. REPORT DETAILS
-----------------
TIMING-17#1 Warning
Non-clocked sequential cell  
The clock pin inst_Clk_divider/count_reg[0]/C is not reached by a timing clock
Related violations: <none>

TIMING-17#2 Warning
Non-clocked sequential cell  
The clock pin inst_Clk_divider/count_reg[10]/C is not reached by a timing clock
Related violations: <none>

TIMING-17#3 Warning
Non-clocked sequential cell  
The clock pin inst_Clk_divider/count_reg[11]/C is not reached by a timing clock
Related violations: <none>

TIMING-17#4 Warning
Non-clocked sequential cell  
The clock pin inst_Clk_divider/count_reg[12]/C is not reached by a timing clock
Related violations: <none>

TIMING-17#5 Warning
Non-clocked sequential cell  
The clock pin inst_Clk_divider/count_reg[13]/C is not reached by a timing clock
Related violations: <none>

TIMING-17#6 Warning
Non-clocked sequential cell  
The clock pin inst_Clk_divider/count_reg[14]/C is not reached by a timing clock
Related violations: <none>

TIMING-17#7 Warning
Non-clocked sequential cell  
The clock pin inst_Clk_divider/count_reg[15]/C is not reached by a timing clock
Related violations: <none>

TIMING-17#8 Warning
Non-clocked sequential cell  
The clock pin inst_Clk_divider/count_reg[16]/C is not reached by a timing clock
Related violations: <none>

TIMING-17#9 Warning
Non-clocked sequential cell  
The clock pin inst_Clk_divider/count_reg[17]/C is not reached by a timing clock
Related violations: <none>

TIMING-17#10 Warning
Non-clocked sequential cell  
The clock pin inst_Clk_divider/count_reg[18]/C is not reached by a timing clock
Related violations: <none>

TIMING-17#11 Warning
Non-clocked sequential cell  
The clock pin inst_Clk_divider/count_reg[19]/C is not reached by a timing clock
Related violations: <none>

TIMING-17#12 Warning
Non-clocked sequential cell  
The clock pin inst_Clk_divider/count_reg[1]/C is not reached by a timing clock
Related violations: <none>

TIMING-17#13 Warning
Non-clocked sequential cell  
The clock pin inst_Clk_divider/count_reg[20]/C is not reached by a timing clock
Related violations: <none>

TIMING-17#14 Warning
Non-clocked sequential cell  
The clock pin inst_Clk_divider/count_reg[21]/C is not reached by a timing clock
Related violations: <none>

TIMING-17#15 Warning
Non-clocked sequential cell  
The clock pin inst_Clk_divider/count_reg[22]/C is not reached by a timing clock
Related violations: <none>

TIMING-17#16 Warning
Non-clocked sequential cell  
The clock pin inst_Clk_divider/count_reg[23]/C is not reached by a timing clock
Related violations: <none>

TIMING-17#17 Warning
Non-clocked sequential cell  
The clock pin inst_Clk_divider/count_reg[24]/C is not reached by a timing clock
Related violations: <none>

TIMING-17#18 Warning
Non-clocked sequential cell  
The clock pin inst_Clk_divider/count_reg[25]/C is not reached by a timing clock
Related violations: <none>

TIMING-17#19 Warning
Non-clocked sequential cell  
The clock pin inst_Clk_divider/count_reg[26]/C is not reached by a timing clock
Related violations: <none>

TIMING-17#20 Warning
Non-clocked sequential cell  
The clock pin inst_Clk_divider/count_reg[27]/C is not reached by a timing clock
Related violations: <none>

TIMING-17#21 Warning
Non-clocked sequential cell  
The clock pin inst_Clk_divider/count_reg[28]/C is not reached by a timing clock
Related violations: <none>

TIMING-17#22 Warning
Non-clocked sequential cell  
The clock pin inst_Clk_divider/count_reg[29]/C is not reached by a timing clock
Related violations: <none>

TIMING-17#23 Warning
Non-clocked sequential cell  
The clock pin inst_Clk_divider/count_reg[2]/C is not reached by a timing clock
Related violations: <none>

TIMING-17#24 Warning
Non-clocked sequential cell  
The clock pin inst_Clk_divider/count_reg[30]/C is not reached by a timing clock
Related violations: <none>

TIMING-17#25 Warning
Non-clocked sequential cell  
The clock pin inst_Clk_divider/count_reg[31]/C is not reached by a timing clock
Related violations: <none>

TIMING-17#26 Warning
Non-clocked sequential cell  
The clock pin inst_Clk_divider/count_reg[3]/C is not reached by a timing clock
Related violations: <none>

TIMING-17#27 Warning
Non-clocked sequential cell  
The clock pin inst_Clk_divider/count_reg[4]/C is not reached by a timing clock
Related violations: <none>

TIMING-17#28 Warning
Non-clocked sequential cell  
The clock pin inst_Clk_divider/count_reg[5]/C is not reached by a timing clock
Related violations: <none>

TIMING-17#29 Warning
Non-clocked sequential cell  
The clock pin inst_Clk_divider/count_reg[6]/C is not reached by a timing clock
Related violations: <none>

TIMING-17#30 Warning
Non-clocked sequential cell  
The clock pin inst_Clk_divider/count_reg[7]/C is not reached by a timing clock
Related violations: <none>

TIMING-17#31 Warning
Non-clocked sequential cell  
The clock pin inst_Clk_divider/count_reg[8]/C is not reached by a timing clock
Related violations: <none>

TIMING-17#32 Warning
Non-clocked sequential cell  
The clock pin inst_Clk_divider/count_reg[9]/C is not reached by a timing clock
Related violations: <none>

TIMING-17#33 Warning
Non-clocked sequential cell  
The clock pin inst_Clk_divider/tmp_reg/C is not reached by a timing clock
Related violations: <none>

TIMING-17#34 Warning
Non-clocked sequential cell  
The clock pin inst_Maquina_Estado/FSM_sequential_state_reg[0]/C is not reached by a timing clock
Related violations: <none>

TIMING-17#35 Warning
Non-clocked sequential cell  
The clock pin inst_Maquina_Estado/FSM_sequential_state_reg[1]/C is not reached by a timing clock
Related violations: <none>

TIMING-17#36 Warning
Non-clocked sequential cell  
The clock pin inst_Pulse_register/state_reg[0]/C is not reached by a timing clock
Related violations: <none>

TIMING-17#37 Warning
Non-clocked sequential cell  
The clock pin inst_Pulse_register/state_reg[1]/C is not reached by a timing clock
Related violations: <none>

TIMING-20#1 Warning
Non-clocked latch  
The latch inst_Maquina_Estado/temp_reg[0] cannot be properly analyzed as its control pin inst_Maquina_Estado/temp_reg[0]/G is not reached by a timing clock
Related violations: <none>

TIMING-20#2 Warning
Non-clocked latch  
The latch inst_Maquina_Estado/temp_reg[1] cannot be properly analyzed as its control pin inst_Maquina_Estado/temp_reg[1]/G is not reached by a timing clock
Related violations: <none>


