#-----------------------------------------------------------
# Vivado v2018.2 (64-bit)
# SW Build 2258646 on Thu Jun 14 20:03:12 MDT 2018
# IP Build 2256618 on Thu Jun 14 22:10:49 MDT 2018
# Start of session at: Mon Jan 21 14:51:33 2019
# Process ID: 1059860
# Current directory: C:/Users/Usuario/Documents/GitHub/TrabajoVHDL/Componentes/Maquina_Estado
# Command line: vivado.exe -gui_launcher_event rodinguilauncherevent1060104 C:\Users\Usuario\Documents\GitHub\TrabajoVHDL\Componentes\Maquina_Estado\Maquina_Estado.xpr
# Log file: C:/Users/Usuario/Documents/GitHub/TrabajoVHDL/Componentes/Maquina_Estado/vivado.log
# Journal file: C:/Users/Usuario/Documents/GitHub/TrabajoVHDL/Componentes/Maquina_Estado\vivado.jou
#-----------------------------------------------------------
start_gui
open_project C:/Users/Usuario/Documents/GitHub/TrabajoVHDL/Componentes/Maquina_Estado/Maquina_Estado.xpr
INFO: [Project 1-313] Project file moved from 'C:/Users/Usuario/Desktop/TRABAJOVHDL/Maquina_Estado' since last save.
WARNING: [Project 1-312] File not found as 'C:/Users/Usuario/Documents/GitHub/TrabajoVHDL/digilent-xdc-master/Nexys-4-DDR-Master.xdc'; using path 'C:/Users/Usuario/Desktop/digilent-xdc-master/Nexys-4-DDR-Master.xdc' instead.
Scanning sources...
Finished scanning sources
INFO: [IP_Flow 19-234] Refreshing IP repositories
INFO: [IP_Flow 19-1704] No user IP repositories specified
INFO: [IP_Flow 19-2313] Loaded Vivado IP repository 'C:/Xilinx/Vivado/2018.2/data/ip'.
open_project: Time (s): cpu = 00:00:23 ; elapsed = 00:00:20 . Memory (MB): peak = 723.191 ; gain = 50.254
update_compile_order -fileset sources_1
exit
INFO: [Common 17-206] Exiting Vivado at Mon Jan 21 14:54:43 2019...
