Copyright 1986-2018 Xilinx, Inc. All Rights Reserved.
-------------------------------------------------------------------------------------
| Tool Version : Vivado v.2018.2 (win64) Build 2258646 Thu Jun 14 20:03:12 MDT 2018
| Date         : Thu Jan 10 14:49:51 2019
| Host         : Portatil-Acer running 64-bit major release  (build 9200)
| Command      : report_control_sets -verbose -file Ascensor_control_sets_placed.rpt
| Design       : Ascensor
| Device       : xc7a100t
-------------------------------------------------------------------------------------

Control Set Information

Table of Contents
-----------------
1. Summary
2. Histogram
3. Flip-Flop Distribution
4. Detailed Control Set Information

1. Summary
----------

+----------------------------------------------------------+-------+
|                          Status                          | Count |
+----------------------------------------------------------+-------+
| Number of unique control sets                            |     4 |
| Unused register locations in slices containing registers |    18 |
+----------------------------------------------------------+-------+


2. Histogram
------------

+--------+--------------+
| Fanout | Control Sets |
+--------+--------------+
|      4 |            3 |
|    16+ |            1 |
+--------+--------------+


3. Flip-Flop Distribution
-------------------------

+--------------+-----------------------+------------------------+-----------------+--------------+
| Clock Enable | Synchronous Set/Reset | Asynchronous Set/Reset | Total Registers | Total Slices |
+--------------+-----------------------+------------------------+-----------------+--------------+
| No           | No                    | No                     |              12 |            3 |
| No           | No                    | Yes                    |              66 |           13 |
| No           | Yes                   | No                     |               0 |            0 |
| Yes          | No                    | No                     |               0 |            0 |
| Yes          | No                    | Yes                    |               0 |            0 |
| Yes          | Yes                   | No                     |               0 |            0 |
+--------------+-----------------------+------------------------+-----------------+--------------+


4. Detailed Control Set Information
-----------------------------------

+------------------------------------------+---------------+------------------------------------+------------------+----------------+
|               Clock Signal               | Enable Signal |          Set/Reset Signal          | Slice Load Count | Bel Load Count |
+------------------------------------------+---------------+------------------------------------+------------------+----------------+
|  inst_Clk_divider/clk_sinc               |               |                                    |                1 |              4 |
|  inst_Maquina_Estado/temp_reg[1]_i_1_n_0 |               |                                    |                1 |              4 |
|  clk_IBUF_BUFG                           |               |                                    |                1 |              4 |
|  clk_IBUF_BUFG                           |               | inst_Clk_divider/count[31]_i_2_n_0 |               13 |             66 |
+------------------------------------------+---------------+------------------------------------+------------------+----------------+


